<?xml version="1.0" encoding="UTF-8"?>
<testsuite name="com.example.demo.DemoApplicationTests" tests="1" skipped="0" failures="0" errors="0" timestamp="2024-11-20T07:11:20" hostname="gogi-17Z90P-GA5IK" time="0.312">
  <properties/>
  <testcase name="contextLoads()" classname="com.example.demo.DemoApplicationTests" time="0.312"/>
  <system-out><![CDATA[16:11:16.574 [Test worker] INFO org.springframework.test.context.support.AnnotationConfigContextLoaderUtils -- Could not detect default configuration classes for test class [com.example.demo.DemoApplicationTests]: DemoApplicationTests does not declare any static, non-private, non-final, nested classes annotated with @Configuration.
16:11:16.633 [Test worker] INFO org.springframework.boot.test.context.SpringBootTestContextBootstrapper -- Found @SpringBootConfiguration com.example.demo.DemoApplication for test class com.example.demo.DemoApplicationTests

  .   ____          _            __ _ _
 /\\ / ___'_ __ _ _(_)_ __  __ _ \ \ \ \
( ( )\___ | '_ | '_| | '_ \/ _` | \ \ \ \
 \\/  ___)| |_)| | | | | || (_| |  ) ) ) )
  '  |____| .__|_| |_|_| |_\__, | / / / /
 =========|_|==============|___/=/_/_/_/

 :: Spring Boot ::                (v3.3.5)

2024-11-20T16:11:16.890+09:00  INFO 5649 --- [    Test worker] com.example.demo.DemoApplicationTests    : Starting DemoApplicationTests using Java 17.0.12 with PID 5649 (started by gogi in /home/gogi/Desktop/connected/demo)
2024-11-20T16:11:16.892+09:00  INFO 5649 --- [    Test worker] com.example.demo.DemoApplicationTests    : No active profile set, falling back to 1 default profile: "default"
2024-11-20T16:11:17.316+09:00  INFO 5649 --- [    Test worker] .s.d.r.c.RepositoryConfigurationDelegate : Bootstrapping Spring Data JPA repositories in DEFAULT mode.
2024-11-20T16:11:17.349+09:00  INFO 5649 --- [    Test worker] .s.d.r.c.RepositoryConfigurationDelegate : Finished Spring Data repository scanning in 28 ms. Found 1 JPA repository interface.
2024-11-20T16:11:17.637+09:00  INFO 5649 --- [    Test worker] o.hibernate.jpa.internal.util.LogHelper  : HHH000204: Processing PersistenceUnitInfo [name: default]
2024-11-20T16:11:17.665+09:00  INFO 5649 --- [    Test worker] org.hibernate.Version                    : HHH000412: Hibernate ORM core version 6.5.3.Final
2024-11-20T16:11:17.691+09:00  INFO 5649 --- [    Test worker] o.h.c.internal.RegionFactoryInitiator    : HHH000026: Second-level cache disabled
2024-11-20T16:11:17.886+09:00  INFO 5649 --- [    Test worker] o.s.o.j.p.SpringPersistenceUnitInfo      : No LoadTimeWeaver setup: ignoring JPA class transformer
2024-11-20T16:11:17.905+09:00  INFO 5649 --- [    Test worker] com.zaxxer.hikari.HikariDataSource       : HikariPool-1 - Starting...
2024-11-20T16:11:18.976+09:00  INFO 5649 --- [    Test worker] com.zaxxer.hikari.pool.HikariPool        : HikariPool-1 - Added connection org.postgresql.jdbc.PgConnection@26865b57
2024-11-20T16:11:18.979+09:00  INFO 5649 --- [    Test worker] com.zaxxer.hikari.HikariDataSource       : HikariPool-1 - Start completed.
2024-11-20T16:11:19.092+09:00  WARN 5649 --- [    Test worker] org.hibernate.orm.deprecation            : HHH90000025: PostgreSQLDialect does not need to be specified explicitly using 'hibernate.dialect' (remove the property setting and it will be selected by default)
2024-11-20T16:11:19.728+09:00  INFO 5649 --- [    Test worker] o.h.e.t.j.p.i.JtaPlatformInitiator       : HHH000489: No JTA platform available (set 'hibernate.transaction.jta.platform' to enable JTA platform integration)
2024-11-20T16:11:20.008+09:00  INFO 5649 --- [    Test worker] j.LocalContainerEntityManagerFactoryBean : Initialized JPA EntityManagerFactory for persistence unit 'default'
2024-11-20T16:11:20.324+09:00  WARN 5649 --- [    Test worker] JpaBaseConfiguration$JpaWebConfiguration : spring.jpa.open-in-view is enabled by default. Therefore, database queries may be performed during view rendering. Explicitly configure spring.jpa.open-in-view to disable this warning
2024-11-20T16:11:20.617+09:00  INFO 5649 --- [    Test worker] com.example.demo.DemoApplicationTests    : Started DemoApplicationTests in 3.899 seconds (process running for 4.519)
]]></system-out>
  <system-err><![CDATA[]]></system-err>
</testsuite>
